2023-04-02 17:45:15,639 -  nornir.core -     INFO -        run() - Running task 'Using template ios_redistribution_del.j2' with args {'path': 'templates/', 'template': 'ios_redistribution_del.j2'} on 3 hosts
2023-04-02 17:45:15,772 - nornir.core.task -    ERROR -      start() - Host 'R5': task 'Using template ios_redistribution_del.j2' failed with traceback:
Traceback (most recent call last):
  File "/home/augustus/.local/lib/python3.10/site-packages/nornir/core/task.py", line 99, in start
    r = self.task(self, **self.params)
  File "/home/augustus/.local/lib/python3.10/site-packages/nornir_jinja2/plugins/tasks/template_file.py", line 43, in template_file
    text = t.render(host=task.host, **kwargs)
  File "/home/augustus/.local/lib/python3.10/site-packages/jinja2/environment.py", line 1304, in render
    self.environment.handle_exception()
  File "/home/augustus/.local/lib/python3.10/site-packages/jinja2/environment.py", line 925, in handle_exception
    raise rewrite_traceback_stack(source=source)
  File "templates/ios_redistribution_del.j2", line 1, in <module>
    {% for customer in host.data.customers %}
TypeError: 'NoneType' object is not iterable

2023-04-02 17:45:20,681 -  nornir.core -     INFO -        run() - Running task 'Applying generated configs for ios_redistribution_del.j2' with args {'results': AggregatedResult (Using template ios_redistribution_del.j2): {'R1': MultiResult: [Result: "Using template ios_redistribution_del.j2"], 'R2': MultiResult: [Result: "Using template ios_redistribution_del.j2"], 'R5': MultiResult: [Result: "Using template ios_redistribution_del.j2"]}} on 3 hosts
2023-04-02 17:45:29,910 -  nornir.core -     INFO -        run() - Running task 'Using template ios_ospf_pe_del.j2' with args {'path': 'templates/', 'template': 'ios_ospf_pe_del.j2'} on 3 hosts
2023-04-02 17:45:38,222 -  nornir.core -     INFO -        run() - Running task 'Applying generated configs for ios_ospf_pe_del.j2' with args {'results': AggregatedResult (Using template ios_ospf_pe_del.j2): {'R1': MultiResult: [Result: "Using template ios_ospf_pe_del.j2"], 'R2': MultiResult: [Result: "Using template ios_ospf_pe_del.j2"]}} on 3 hosts
2023-04-02 17:45:46,187 -  nornir.core -     INFO -        run() - Running task 'Using template ios_bgp_vpnv4_del.j2' with args {'path': 'templates/', 'template': 'ios_bgp_vpnv4_del.j2'} on 3 hosts
2023-04-02 17:45:48,896 -  nornir.core -     INFO -        run() - Running task 'Applying generated configs for ios_bgp_vpnv4_del.j2' with args {'results': AggregatedResult (Using template ios_bgp_vpnv4_del.j2): {'R1': MultiResult: [Result: "Using template ios_bgp_vpnv4_del.j2"], 'R2': MultiResult: [Result: "Using template ios_bgp_vpnv4_del.j2"]}} on 3 hosts
2023-04-02 17:45:55,697 -  nornir.core -     INFO -        run() - Running task 'Using template ios_vrf_del.j2' with args {'path': 'templates/', 'template': 'ios_vrf_del.j2'} on 3 hosts
2023-04-02 17:45:59,316 -  nornir.core -     INFO -        run() - Running task 'Applying generated configs for ios_vrf_del.j2' with args {'results': AggregatedResult (Using template ios_vrf_del.j2): {'R1': MultiResult: [Result: "Using template ios_vrf_del.j2"], 'R2': MultiResult: [Result: "Using template ios_vrf_del.j2"]}} on 3 hosts
